The system is: Windows - 10.0.18363 - AMD64
Compiling the CXX compiler identification source file "CMakeCXXCompilerId.cpp" succeeded.
Compiler: C:/Program Files (x86)/Microsoft Visual Studio/2019/Community/VC/Tools/MSVC/14.24.28314/bin/HostX86/x64/cl.exe 
Build flags: 
Id flags:  

The output was:
0
Microsoft (R) C/C++ Optimizing Compiler Version 19.24.28315 for x64
Copyright (C) Microsoft Corporation.  All rights reserved.

CMakeCXXCompilerId.cpp
Microsoft (R) Incremental Linker Version 14.24.28315.0
Copyright (C) Microsoft Corporation.  All rights reserved.

/out:CMakeCXXCompilerId.exe 
CMakeCXXCompilerId.obj 


Compilation of the CXX compiler identification source "CMakeCXXCompilerId.cpp" produced "CMakeCXXCompilerId.exe"

Compilation of the CXX compiler identification source "CMakeCXXCompilerId.cpp" produced "CMakeCXXCompilerId.obj"

The CXX compiler identification is MSVC, found in "C:/Users/Henkka/Projects/ncgit/code/vhelix/src/build-vHelix-Desktop_Qt_5_9_9_MSVC2015_64bit-Debug/CMakeFiles/3.17.1/CompilerIdCXX/CMakeCXXCompilerId.exe"

Determining if the CXX compiler works passed with the following output:
Change Dir: C:/Users/Henkka/Projects/ncgit/code/vhelix/src/build-vHelix-Desktop_Qt_5_9_9_MSVC2015_64bit-Debug/CMakeFiles/CMakeTmp

Run Build Command(s):C:/PROGRA~2/MICROS~1/2019/COMMUN~1/Common7/IDE/COMMON~1/MICROS~1/CMake/Ninja/ninja.exe cmTC_6f327 && [1/2] Building CXX object CMakeFiles\cmTC_6f327.dir\testCXXCompiler.cxx.obj
[2/2] Linking CXX executable cmTC_6f327.exe



Detecting CXX compiler ABI info compiled with the following output:
Change Dir: C:/Users/Henkka/Projects/ncgit/code/vhelix/src/build-vHelix-Desktop_Qt_5_9_9_MSVC2015_64bit-Debug/CMakeFiles/CMakeTmp

Run Build Command(s):C:/PROGRA~2/MICROS~1/2019/COMMUN~1/Common7/IDE/COMMON~1/MICROS~1/CMake/Ninja/ninja.exe cmTC_f0abb && [1/2] Building CXX object CMakeFiles\cmTC_f0abb.dir\CMakeCXXCompilerABI.cpp.obj
[2/2] Linking CXX executable cmTC_f0abb.exe



Compiling the C compiler identification source file "CMakeCCompilerId.c" succeeded.
Compiler: C:/Program Files (x86)/Microsoft Visual Studio/2019/Community/VC/Tools/MSVC/14.24.28314/bin/HostX64/x64/cl.exe 
Build flags: 
Id flags:  

The output was:
0
Microsoft (R) C/C++ Optimizing Compiler Version 19.24.28315 for x64
Copyright (C) Microsoft Corporation.  All rights reserved.

CMakeCCompilerId.c
Microsoft (R) Incremental Linker Version 14.24.28315.0
Copyright (C) Microsoft Corporation.  All rights reserved.

/out:CMakeCCompilerId.exe 
CMakeCCompilerId.obj 


Compilation of the C compiler identification source "CMakeCCompilerId.c" produced "CMakeCCompilerId.exe"

Compilation of the C compiler identification source "CMakeCCompilerId.c" produced "CMakeCCompilerId.obj"

The C compiler identification is MSVC, found in "C:/Users/Henkka/Projects/ncgit/code/vhelix/src/build-vHelix-Desktop_Qt_5_9_9_MSVC2015_64bit-Debug/CMakeFiles/3.17.1/CompilerIdC/CMakeCCompilerId.exe"

Determining if the C compiler works passed with the following output:
Change Dir: C:/Users/Henkka/Projects/ncgit/code/vhelix/src/build-vHelix-Desktop_Qt_5_9_9_MSVC2015_64bit-Debug/CMakeFiles/CMakeTmp

Run Build Command(s):C:/PROGRA~2/MICROS~1/2019/COMMUN~1/Common7/IDE/COMMON~1/MICROS~1/CMake/Ninja/ninja.exe cmTC_56c10 && [1/2] Building C object CMakeFiles\cmTC_56c10.dir\testCCompiler.c.obj
[2/2] Linking C executable cmTC_56c10.exe



Detecting C compiler ABI info compiled with the following output:
Change Dir: C:/Users/Henkka/Projects/ncgit/code/vhelix/src/build-vHelix-Desktop_Qt_5_9_9_MSVC2015_64bit-Debug/CMakeFiles/CMakeTmp

Run Build Command(s):C:/PROGRA~2/MICROS~1/2019/COMMUN~1/Common7/IDE/COMMON~1/MICROS~1/CMake/Ninja/ninja.exe cmTC_71e65 && [1/2] Building C object CMakeFiles\cmTC_71e65.dir\CMakeCCompilerABI.c.obj
[2/2] Linking C executable cmTC_71e65.exe



