The system is: Windows - 10.0.17763 - AMD64
Compiling the CXX compiler identification source file "CMakeCXXCompilerId.cpp" succeeded.
Compiler: C:/Program Files (x86)/Microsoft Visual Studio/2019/Enterprise/VC/Tools/MSVC/14.26.28801/bin/HostX64/x64/cl.exe 
Build flags: 
Id flags:  

The output was:
0
Microsoft (R) C/C++ Optimizing Compiler Version 19.26.28806 for x64
Copyright (C) Microsoft Corporation.  All rights reserved.

CMakeCXXCompilerId.cpp
Microsoft (R) Incremental Linker Version 14.26.28806.0
Copyright (C) Microsoft Corporation.  All rights reserved.

/out:CMakeCXXCompilerId.exe 
CMakeCXXCompilerId.obj 


Compilation of the CXX compiler identification source "CMakeCXXCompilerId.cpp" produced "CMakeCXXCompilerId.exe"

Compilation of the CXX compiler identification source "CMakeCXXCompilerId.cpp" produced "CMakeCXXCompilerId.obj"

The CXX compiler identification is MSVC, found in "C:/Users/granoh1/projects/ncgit/code/vhelix/src/build-vHelix-Desktop_Qt_5_9_9_MSVC2017_64bit-Release/CMakeFiles/3.17.1/CompilerIdCXX/CMakeCXXCompilerId.exe"

Determining if the CXX compiler works passed with the following output:
Change Dir: C:/Users/granoh1/projects/ncgit/code/vhelix/src/build-vHelix-Desktop_Qt_5_9_9_MSVC2017_64bit-Release/CMakeFiles/CMakeTmp

Run Build Command(s):C:/PROGRA~2/MICROS~2/2019/ENTERP~1/Common7/IDE/COMMON~1/MICROS~1/CMake/Ninja/ninja.exe cmTC_2153f && [1/2] Building CXX object CMakeFiles\cmTC_2153f.dir\testCXXCompiler.cxx.obj
[2/2] Linking CXX executable cmTC_2153f.exe



Detecting CXX compiler ABI info compiled with the following output:
Change Dir: C:/Users/granoh1/projects/ncgit/code/vhelix/src/build-vHelix-Desktop_Qt_5_9_9_MSVC2017_64bit-Release/CMakeFiles/CMakeTmp

Run Build Command(s):C:/PROGRA~2/MICROS~2/2019/ENTERP~1/Common7/IDE/COMMON~1/MICROS~1/CMake/Ninja/ninja.exe cmTC_82497 && [1/2] Building CXX object CMakeFiles\cmTC_82497.dir\CMakeCXXCompilerABI.cpp.obj
[2/2] Linking CXX executable cmTC_82497.exe



Compiling the C compiler identification source file "CMakeCCompilerId.c" succeeded.
Compiler: C:/Program Files (x86)/Microsoft Visual Studio/2019/Enterprise/VC/Tools/MSVC/14.26.28801/bin/HostX86/x64/cl.exe 
Build flags: 
Id flags:  

The output was:
0
Microsoft (R) C/C++ Optimizing Compiler Version 19.26.28806 for x64
Copyright (C) Microsoft Corporation.  All rights reserved.

CMakeCCompilerId.c
Microsoft (R) Incremental Linker Version 14.26.28806.0
Copyright (C) Microsoft Corporation.  All rights reserved.

/out:CMakeCCompilerId.exe 
CMakeCCompilerId.obj 


Compilation of the C compiler identification source "CMakeCCompilerId.c" produced "CMakeCCompilerId.exe"

Compilation of the C compiler identification source "CMakeCCompilerId.c" produced "CMakeCCompilerId.obj"

The C compiler identification is MSVC, found in "C:/Users/granoh1/projects/ncgit/code/vhelix/src/build-vHelix-Desktop_Qt_5_9_9_MSVC2017_64bit-Release/CMakeFiles/3.17.1/CompilerIdC/CMakeCCompilerId.exe"

Determining if the C compiler works passed with the following output:
Change Dir: C:/Users/granoh1/projects/ncgit/code/vhelix/src/build-vHelix-Desktop_Qt_5_9_9_MSVC2017_64bit-Release/CMakeFiles/CMakeTmp

Run Build Command(s):C:/PROGRA~2/MICROS~2/2019/ENTERP~1/Common7/IDE/COMMON~1/MICROS~1/CMake/Ninja/ninja.exe cmTC_672fc && [1/2] Building C object CMakeFiles\cmTC_672fc.dir\testCCompiler.c.obj
[2/2] Linking C executable cmTC_672fc.exe



Detecting C compiler ABI info compiled with the following output:
Change Dir: C:/Users/granoh1/projects/ncgit/code/vhelix/src/build-vHelix-Desktop_Qt_5_9_9_MSVC2017_64bit-Release/CMakeFiles/CMakeTmp

Run Build Command(s):C:/PROGRA~2/MICROS~2/2019/ENTERP~1/Common7/IDE/COMMON~1/MICROS~1/CMake/Ninja/ninja.exe cmTC_1ef9d && [1/2] Building C object CMakeFiles\cmTC_1ef9d.dir\CMakeCCompilerABI.c.obj
[2/2] Linking C executable cmTC_1ef9d.exe



